1773040570303	geckodriver	INFO	Listening on 127.0.0.1:52606
1773040573430	mozrunner::runner	INFO	Running command: "C:\\Program Files\\Mozilla Firefox\\firefox.exe" "--marionette" "--remote-debugging-port" "52607" "--remote-allow-hosts" "localhost" "-no-remote" "-profile" "C:\\Users\\PAPOLI~1\\AppData\\Local\\Temp\\rust_mozprofileDXkd7d"
console.warn: services.settings: Ignoring preference override of remote settings server
console.warn: services.settings: Allow by setting MOZ_REMOTE_SETTINGS_DEVTOOLS=1 in the environment
Dynamically enable window occlusion 0
1773040573752	Marionette	INFO	Marionette enabled
1773040573916	Marionette	INFO	Listening on port 53857
WebDriver BiDi listening on ws://127.0.0.1:52607
Read port: 53857
1773040574039	RemoteAgent	WARN	TLS certificate errors will be ignored for this session
console.warn: RSLoader: Recipe new-tab-14802025121163751-to-release-146 not returned from collection nimbus-secure-experiments because it contains feature newtabTrainhopAddon, which is disallowed for that collection.
console.warn: RSLoader: Recipe new-tab-14802025121163751-to-release-14702 not returned from collection nimbus-secure-experiments because it contains feature newtabTrainhopAddon, which is disallowed for that collection.
console.warn: RSLoader: Recipe new-tab-14912026012151415-to-beta not returned from collection nimbus-secure-experiments because it contains feature newtabTrainhopAddon, which is disallowed for that collection.
console.warn: RSLoader: Recipe new-tab-14912026012151415-to-release-14703 not returned from collection nimbus-secure-experiments because it contains feature newtabTrainhopAddon, which is disallowed for that collection.
console.warn: RSLoader: Recipe new-tab-14912026012151415-to-release-14703-14704 not returned from collection nimbus-secure-experiments because it contains feature newtabTrainhopAddon, which is disallowed for that collection.
console.warn: RSLoader: Recipe new-tab-149220260220204414-to-release-148 not returned from collection nimbus-secure-experiments because it contains feature newtabTrainhopAddon, which is disallowed for that collection.
console.warn: LoginRecipes: "Falling back to a synchronous message for: https://www.saucedemo.com."
console.warn: LoginRecipes: "Falling back to a synchronous message for: https://www.saucedemo.com."
1773040581924	Marionette	INFO	Stopped listening on port 53857
Dynamically enable window occlusion 1
console.error: "Failed to fetch https://ads.mozilla.org/v1/delete_user:" "NetworkError when attempting to fetch resource."
console.warn: TopSitesFeed: Failed to fetch data from MARS server: NetworkError when attempting to fetch resource.
JavaScript error: resource://services-settings/RemoteSettingsClient.sys.mjs, line 101: Error: Unknown callback
